<?xml version="1.0" encoding="UTF-8"?>
<!-- Generated by org.testng.reporters.JUnitReportReporter -->
<testsuite skipped="0" hostname="DELL-PC" name="gitRepoDemo1.HelloWorld" tests="1" failures="0" timestamp="27 Feb 2023 03:37:56 GMT" time="0.016" errors="0">
  <testcase name="hellowWorld1" time="0.016" classname="gitRepoDemo1.HelloWorld"/>
</testsuite> <!-- gitRepoDemo1.HelloWorld -->
