<?xml version="1.0" encoding="UTF-8"?>
<!-- Generated by org.testng.reporters.JUnitReportReporter -->
<testsuite skipped="0" hostname="DELL-PC" name="gitRepoDemo1.Example" tests="1" failures="0" timestamp="27 Feb 2023 03:37:56 GMT" time="0.001" errors="0">
  <testcase name="Example1" time="0.001" classname="gitRepoDemo1.Example"/>
</testsuite> <!-- gitRepoDemo1.Example -->
