<?xml version="1.0" encoding="UTF-8"?>
<!-- Generated by org.testng.reporters.JUnitReportReporter -->
<testsuite skipped="0" hostname="DELL-PC" name="gitRepoDemo1.Example" tests="1" failures="0" timestamp="24 Feb 2023 07:55:54 GMT" time="0.002" errors="0">
  <testcase name="Example1" time="0.002" classname="gitRepoDemo1.Example"/>
</testsuite> <!-- gitRepoDemo1.Example -->
