<?xml version="1.0" encoding="UTF-8"?>
<!-- Generated by org.testng.reporters.JUnitReportReporter -->
<testsuite skipped="0" hostname="DELL-PC" name="gitRepoDemo1.HelloWorld" tests="1" failures="0" timestamp="24 Feb 2023 07:55:52 GMT" time="0.069" errors="0">
  <testcase name="hellowWorld1" time="0.069" classname="gitRepoDemo1.HelloWorld"/>
</testsuite> <!-- gitRepoDemo1.HelloWorld -->
