<?xml version="1.0" encoding="UTF-8"?>
<!-- Generated by org.testng.reporters.JUnitReportReporter -->
<testsuite skipped="0" hostname="DELL-PC" name="gitRepoDemo1.TestTable" tests="1" failures="0" timestamp="24 Feb 2023 15:03:42 GMT" time="0.003" errors="0">
  <testcase name="testTable1" time="0.003" classname="gitRepoDemo1.TestTable"/>
</testsuite> <!-- gitRepoDemo1.TestTable -->
