<?xml version="1.0" encoding="UTF-8"?>
<!-- Generated by org.testng.reporters.JUnitReportReporter -->
<testsuite skipped="0" hostname="DELL-PC" name="gitRepoDemo1.Facebook" tests="1" failures="0" timestamp="28 Feb 2023 00:36:20 GMT" time="8.071" errors="0">
  <testcase name="login" time="8.071" classname="gitRepoDemo1.Facebook"/>
</testsuite> <!-- gitRepoDemo1.Facebook -->
